2024-02-28T10:37:33.612+05:30  WARN 34880 --- [portpolioservice] [HikariPool-3 housekeeper] com.zaxxer.hikari.pool.HikariPool        : HikariPool-3 - Thread starvation or clock leap detected (housekeeper delta=11h43m28s608ms424µs).
2024-02-28T10:40:36.378+05:30  INFO 34880 --- [portpolioservice] [AsyncResolver-bootstrap-executor-0] c.n.d.s.r.aws.ConfigClusterResolver      : Resolving eureka endpoints via configuration
2024-02-28T10:45:24.335+05:30  WARN 34880 --- [portpolioservice] [HikariPool-3 housekeeper] com.zaxxer.hikari.pool.HikariPool        : HikariPool-3 - Thread starvation or clock leap detected (housekeeper delta=1m18s525ms703µs600ns).
2024-02-28T10:46:24.905+05:30  INFO 34880 --- [portpolioservice] [AsyncResolver-bootstrap-executor-0] c.n.d.s.r.aws.ConfigClusterResolver      : Resolving eureka endpoints via configuration
2024-02-28T10:51:24.924+05:30  INFO 34880 --- [portpolioservice] [AsyncResolver-bootstrap-executor-0] c.n.d.s.r.aws.ConfigClusterResolver      : Resolving eureka endpoints via configuration
2024-02-28T10:56:24.943+05:30  INFO 34880 --- [portpolioservice] [AsyncResolver-bootstrap-executor-0] c.n.d.s.r.aws.ConfigClusterResolver      : Resolving eureka endpoints via configuration
2024-02-28T11:01:24.950+05:30  INFO 34880 --- [portpolioservice] [AsyncResolver-bootstrap-executor-0] c.n.d.s.r.aws.ConfigClusterResolver      : Resolving eureka endpoints via configuration
2024-02-28T11:06:24.954+05:30  INFO 34880 --- [portpolioservice] [AsyncResolver-bootstrap-executor-0] c.n.d.s.r.aws.ConfigClusterResolver      : Resolving eureka endpoints via configuration
2024-02-28T11:11:24.964+05:30  INFO 34880 --- [portpolioservice] [AsyncResolver-bootstrap-executor-0] c.n.d.s.r.aws.ConfigClusterResolver      : Resolving eureka endpoints via configuration
2024-02-28T11:16:24.967+05:30  INFO 34880 --- [portpolioservice] [AsyncResolver-bootstrap-executor-0] c.n.d.s.r.aws.ConfigClusterResolver      : Resolving eureka endpoints via configuration
2024-02-28T11:21:24.972+05:30  INFO 34880 --- [portpolioservice] [AsyncResolver-bootstrap-executor-0] c.n.d.s.r.aws.ConfigClusterResolver      : Resolving eureka endpoints via configuration
2024-02-28T11:26:24.986+05:30  INFO 34880 --- [portpolioservice] [AsyncResolver-bootstrap-executor-0] c.n.d.s.r.aws.ConfigClusterResolver      : Resolving eureka endpoints via configuration
2024-02-28T11:31:24.997+05:30  INFO 34880 --- [portpolioservice] [AsyncResolver-bootstrap-executor-0] c.n.d.s.r.aws.ConfigClusterResolver      : Resolving eureka endpoints via configuration
2024-02-28T11:36:25.002+05:30  INFO 34880 --- [portpolioservice] [AsyncResolver-bootstrap-executor-0] c.n.d.s.r.aws.ConfigClusterResolver      : Resolving eureka endpoints via configuration
2024-02-28T11:41:25.017+05:30  INFO 34880 --- [portpolioservice] [AsyncResolver-bootstrap-executor-0] c.n.d.s.r.aws.ConfigClusterResolver      : Resolving eureka endpoints via configuration
2024-02-28T11:46:25.023+05:30  INFO 34880 --- [portpolioservice] [AsyncResolver-bootstrap-executor-0] c.n.d.s.r.aws.ConfigClusterResolver      : Resolving eureka endpoints via configuration
2024-02-28T12:04:52.637+05:30  WARN 34880 --- [portpolioservice] [HikariPool-3 housekeeper] com.zaxxer.hikari.pool.HikariPool        : HikariPool-3 - Thread starvation or clock leap detected (housekeeper delta=15m27s356ms969µs600ns).
2024-02-28T12:06:22.379+05:30  INFO 34880 --- [portpolioservice] [AsyncResolver-bootstrap-executor-0] c.n.d.s.r.aws.ConfigClusterResolver      : Resolving eureka endpoints via configuration
2024-02-28T12:58:41.241+05:30  INFO 20308 --- [portpolioservice] [restartedMain] c.h.j.p.PortpolioserviceApplication      : No active profile set, falling back to 1 default profile: "default"
2024-02-28T12:58:41.255+05:30  WARN 20308 --- [portpolioservice] [restartedMain] o.s.c.a.AnnotationBeanNameGenerator      : Support for convention-based stereotype names is deprecated and will be removed in a future version of the framework. Please annotate the 'value' attribute in @org.springframework.cloud.loadbalancer.annotation.LoadBalancerClient with @AliasFor(annotation=Component.class) to declare an explicit alias for @Component's 'value' attribute.
2024-02-28T12:58:42.101+05:30  INFO 20308 --- [portpolioservice] [restartedMain] .s.d.r.c.RepositoryConfigurationDelegate : Bootstrapping Spring Data JPA repositories in DEFAULT mode.
2024-02-28T12:58:42.207+05:30  INFO 20308 --- [portpolioservice] [restartedMain] .s.d.r.c.RepositoryConfigurationDelegate : Finished Spring Data repository scanning in 101 ms. Found 1 JPA repository interface.
2024-02-28T12:58:42.436+05:30  INFO 20308 --- [portpolioservice] [restartedMain] o.s.cloud.context.scope.GenericScope     : BeanFactory id=41e9781e-5285-36ae-ac41-4c1ccb8a0e8f
2024-02-28T12:58:42.649+05:30  WARN 20308 --- [portpolioservice] [restartedMain] trationDelegate$BeanPostProcessorChecker : Bean 'org.springframework.cloud.client.loadbalancer.LoadBalancerAutoConfiguration$LoadBalancerInterceptorConfig' of type [org.springframework.cloud.client.loadbalancer.LoadBalancerAutoConfiguration$LoadBalancerInterceptorConfig] is not eligible for getting processed by all BeanPostProcessors (for example: not eligible for auto-proxying). The currently created BeanPostProcessor [lbRestClientPostProcessor] is declared through a non-static factory method on that class; consider declaring it as static instead.
2024-02-28T12:58:42.652+05:30  WARN 20308 --- [portpolioservice] [restartedMain] trationDelegate$BeanPostProcessorChecker : Bean 'org.springframework.cloud.loadbalancer.config.BlockingLoadBalancerClientAutoConfiguration' of type [org.springframework.cloud.loadbalancer.config.BlockingLoadBalancerClientAutoConfiguration] is not eligible for getting processed by all BeanPostProcessors (for example: not eligible for auto-proxying). Is this bean getting eagerly injected into a currently created BeanPostProcessor [lbRestClientPostProcessor]? Check the corresponding BeanPostProcessor declaration and its dependencies.
2024-02-28T12:58:42.655+05:30  WARN 20308 --- [portpolioservice] [restartedMain] trationDelegate$BeanPostProcessorChecker : Bean 'org.springframework.cloud.loadbalancer.config.LoadBalancerAutoConfiguration' of type [org.springframework.cloud.loadbalancer.config.LoadBalancerAutoConfiguration] is not eligible for getting processed by all BeanPostProcessors (for example: not eligible for auto-proxying). Is this bean getting eagerly injected into a currently created BeanPostProcessor [lbRestClientPostProcessor]? Check the corresponding BeanPostProcessor declaration and its dependencies.
2024-02-28T12:58:42.662+05:30  WARN 20308 --- [portpolioservice] [restartedMain] trationDelegate$BeanPostProcessorChecker : Bean 'org.springframework.cloud.commons.config.CommonsConfigAutoConfiguration' of type [org.springframework.cloud.commons.config.CommonsConfigAutoConfiguration] is not eligible for getting processed by all BeanPostProcessors (for example: not eligible for auto-proxying). Is this bean getting eagerly injected into a currently created BeanPostProcessor [lbRestClientPostProcessor]? Check the corresponding BeanPostProcessor declaration and its dependencies.
2024-02-28T12:58:42.664+05:30  WARN 20308 --- [portpolioservice] [restartedMain] trationDelegate$BeanPostProcessorChecker : Bean 'org.springframework.cloud.client.loadbalancer.LoadBalancerDefaultMappingsProviderAutoConfiguration' of type [org.springframework.cloud.client.loadbalancer.LoadBalancerDefaultMappingsProviderAutoConfiguration] is not eligible for getting processed by all BeanPostProcessors (for example: not eligible for auto-proxying). Is this bean getting eagerly injected into a currently created BeanPostProcessor [lbRestClientPostProcessor]? Check the corresponding BeanPostProcessor declaration and its dependencies.
2024-02-28T12:58:42.665+05:30  WARN 20308 --- [portpolioservice] [restartedMain] trationDelegate$BeanPostProcessorChecker : Bean 'loadBalancerClientsDefaultsMappingsProvider' of type [org.springframework.cloud.client.loadbalancer.LoadBalancerDefaultMappingsProviderAutoConfiguration$$Lambda$779/0x000000080117a9c0] is not eligible for getting processed by all BeanPostProcessors (for example: not eligible for auto-proxying). Is this bean getting eagerly injected into a currently created BeanPostProcessor [lbRestClientPostProcessor]? Check the corresponding BeanPostProcessor declaration and its dependencies.
2024-02-28T12:58:42.668+05:30  WARN 20308 --- [portpolioservice] [restartedMain] trationDelegate$BeanPostProcessorChecker : Bean 'defaultsBindHandlerAdvisor' of type [org.springframework.cloud.commons.config.DefaultsBindHandlerAdvisor] is not eligible for getting processed by all BeanPostProcessors (for example: not eligible for auto-proxying). Is this bean getting eagerly injected into a currently created BeanPostProcessor [lbRestClientPostProcessor]? Check the corresponding BeanPostProcessor declaration and its dependencies.
2024-02-28T12:58:42.672+05:30  WARN 20308 --- [portpolioservice] [restartedMain] trationDelegate$BeanPostProcessorChecker : Bean 'spring.cloud.loadbalancer-org.springframework.cloud.client.loadbalancer.LoadBalancerClientsProperties' of type [org.springframework.cloud.client.loadbalancer.LoadBalancerClientsProperties] is not eligible for getting processed by all BeanPostProcessors (for example: not eligible for auto-proxying). Is this bean getting eagerly injected into a currently created BeanPostProcessor [lbRestClientPostProcessor]? Check the corresponding BeanPostProcessor declaration and its dependencies.
2024-02-28T12:58:42.677+05:30  WARN 20308 --- [portpolioservice] [restartedMain] trationDelegate$BeanPostProcessorChecker : Bean 'stocktradeservice.LoadBalancerClientSpecification' of type [org.springframework.cloud.loadbalancer.annotation.LoadBalancerClientSpecification] is not eligible for getting processed by all BeanPostProcessors (for example: not eligible for auto-proxying). Is this bean getting eagerly injected into a currently created BeanPostProcessor [lbRestClientPostProcessor]? Check the corresponding BeanPostProcessor declaration and its dependencies.
2024-02-28T12:58:42.680+05:30  WARN 20308 --- [portpolioservice] [restartedMain] trationDelegate$BeanPostProcessorChecker : Bean 'default.org.springframework.cloud.loadbalancer.config.LoadBalancerAutoConfiguration.LoadBalancerClientSpecification' of type [org.springframework.cloud.loadbalancer.annotation.LoadBalancerClientSpecification] is not eligible for getting processed by all BeanPostProcessors (for example: not eligible for auto-proxying). Is this bean getting eagerly injected into a currently created BeanPostProcessor [lbRestClientPostProcessor]? Check the corresponding BeanPostProcessor declaration and its dependencies.
2024-02-28T12:58:42.680+05:30  WARN 20308 --- [portpolioservice] [restartedMain] trationDelegate$BeanPostProcessorChecker : Bean 'default.org.springframework.cloud.loadbalancer.config.BlockingLoadBalancerClientAutoConfiguration.LoadBalancerClientSpecification' of type [org.springframework.cloud.loadbalancer.annotation.LoadBalancerClientSpecification] is not eligible for getting processed by all BeanPostProcessors (for example: not eligible for auto-proxying). Is this bean getting eagerly injected into a currently created BeanPostProcessor [lbRestClientPostProcessor]? Check the corresponding BeanPostProcessor declaration and its dependencies.
2024-02-28T12:58:42.681+05:30  WARN 20308 --- [portpolioservice] [restartedMain] trationDelegate$BeanPostProcessorChecker : Bean 'default.org.springframework.cloud.netflix.eureka.loadbalancer.LoadBalancerEurekaAutoConfiguration.LoadBalancerClientSpecification' of type [org.springframework.cloud.loadbalancer.annotation.LoadBalancerClientSpecification] is not eligible for getting processed by all BeanPostProcessors (for example: not eligible for auto-proxying). Is this bean getting eagerly injected into a currently created BeanPostProcessor [lbRestClientPostProcessor]? Check the corresponding BeanPostProcessor declaration and its dependencies.
2024-02-28T12:58:42.682+05:30  WARN 20308 --- [portpolioservice] [restartedMain] trationDelegate$BeanPostProcessorChecker : Bean 'loadBalancerClientFactory' of type [org.springframework.cloud.loadbalancer.support.LoadBalancerClientFactory] is not eligible for getting processed by all BeanPostProcessors (for example: not eligible for auto-proxying). Is this bean getting eagerly injected into a currently created BeanPostProcessor [lbRestClientPostProcessor]? Check the corresponding BeanPostProcessor declaration and its dependencies.
2024-02-28T12:58:42.687+05:30  WARN 20308 --- [portpolioservice] [restartedMain] trationDelegate$BeanPostProcessorChecker : Bean 'blockingLoadBalancerClient' of type [org.springframework.cloud.loadbalancer.blocking.client.BlockingLoadBalancerClient] is not eligible for getting processed by all BeanPostProcessors (for example: not eligible for auto-proxying). Is this bean getting eagerly injected into a currently created BeanPostProcessor [lbRestClientPostProcessor]? Check the corresponding BeanPostProcessor declaration and its dependencies.
2024-02-28T12:58:42.693+05:30  WARN 20308 --- [portpolioservice] [restartedMain] trationDelegate$BeanPostProcessorChecker : Bean 'ribbonConfiguration' of type [com.hcl.jtl.portpolioservice.config.RibbonConfiguration$$SpringCGLIB$$0] is not eligible for getting processed by all BeanPostProcessors (for example: not eligible for auto-proxying). Is this bean getting eagerly injected into a currently created BeanPostProcessor [lbRestClientPostProcessor]? Check the corresponding BeanPostProcessor declaration and its dependencies.
2024-02-28T12:58:42.697+05:30  WARN 20308 --- [portpolioservice] [restartedMain] trationDelegate$BeanPostProcessorChecker : Bean 'restTemplate' of type [org.springframework.web.client.RestTemplate] is not eligible for getting processed by all BeanPostProcessors (for example: not eligible for auto-proxying). Is this bean getting eagerly injected into a currently created BeanPostProcessor [lbRestClientPostProcessor]? Check the corresponding BeanPostProcessor declaration and its dependencies.
2024-02-28T12:58:42.708+05:30  WARN 20308 --- [portpolioservice] [restartedMain] trationDelegate$BeanPostProcessorChecker : Bean 'loadBalancerServiceInstanceCookieTransformer' of type [org.springframework.cloud.loadbalancer.core.LoadBalancerServiceInstanceCookieTransformer] is not eligible for getting processed by all BeanPostProcessors (for example: not eligible for auto-proxying). Is this bean getting eagerly injected into a currently created BeanPostProcessor [lbRestClientPostProcessor]? Check the corresponding BeanPostProcessor declaration and its dependencies.
2024-02-28T12:58:42.709+05:30  WARN 20308 --- [portpolioservice] [restartedMain] trationDelegate$BeanPostProcessorChecker : Bean 'xForwarderHeadersTransformer' of type [org.springframework.cloud.loadbalancer.blocking.XForwardedHeadersTransformer] is not eligible for getting processed by all BeanPostProcessors (for example: not eligible for auto-proxying). Is this bean getting eagerly injected into a currently created BeanPostProcessor [lbRestClientPostProcessor]? Check the corresponding BeanPostProcessor declaration and its dependencies.
2024-02-28T12:58:42.710+05:30  WARN 20308 --- [portpolioservice] [restartedMain] trationDelegate$BeanPostProcessorChecker : Bean 'org.springframework.cloud.client.loadbalancer.LoadBalancerAutoConfiguration' of type [org.springframework.cloud.client.loadbalancer.LoadBalancerAutoConfiguration] is not eligible for getting processed by all BeanPostProcessors (for example: not eligible for auto-proxying). Is this bean getting eagerly injected into a currently created BeanPostProcessor [lbRestClientPostProcessor]? Check the corresponding BeanPostProcessor declaration and its dependencies.
2024-02-28T12:58:42.712+05:30  WARN 20308 --- [portpolioservice] [restartedMain] trationDelegate$BeanPostProcessorChecker : Bean 'loadBalancerRequestFactory' of type [org.springframework.cloud.client.loadbalancer.LoadBalancerRequestFactory] is not eligible for getting processed by all BeanPostProcessors (for example: not eligible for auto-proxying). Is this bean getting eagerly injected into a currently created BeanPostProcessor [lbRestClientPostProcessor]? Check the corresponding BeanPostProcessor declaration and its dependencies.
2024-02-28T12:58:42.714+05:30  WARN 20308 --- [portpolioservice] [restartedMain] trationDelegate$BeanPostProcessorChecker : Bean 'loadBalancerInterceptor' of type [org.springframework.cloud.client.loadbalancer.LoadBalancerInterceptor] is not eligible for getting processed by all BeanPostProcessors (for example: not eligible for auto-proxying). Is this bean getting eagerly injected into a currently created BeanPostProcessor [lbRestClientPostProcessor]? Check the corresponding BeanPostProcessor declaration and its dependencies.
2024-02-28T12:58:43.016+05:30  INFO 20308 --- [portpolioservice] [restartedMain] o.s.b.w.embedded.tomcat.TomcatWebServer  : Tomcat initialized with port 8082 (http)
2024-02-28T12:58:43.025+05:30  INFO 20308 --- [portpolioservice] [restartedMain] o.apache.catalina.core.StandardService   : Starting service [Tomcat]
2024-02-28T12:58:43.026+05:30  INFO 20308 --- [portpolioservice] [restartedMain] o.apache.catalina.core.StandardEngine    : Starting Servlet engine: [Apache Tomcat/10.1.18]
2024-02-28T12:58:43.083+05:30  INFO 20308 --- [portpolioservice] [restartedMain] o.a.c.c.C.[.[.[/portpolioservice]        : Initializing Spring embedded WebApplicationContext
2024-02-28T12:58:43.083+05:30  INFO 20308 --- [portpolioservice] [restartedMain] w.s.c.ServletWebServerApplicationContext : Root WebApplicationContext: initialization completed in 1827 ms
2024-02-28T12:58:43.351+05:30  INFO 20308 --- [portpolioservice] [restartedMain] o.hibernate.jpa.internal.util.LogHelper  : HHH000204: Processing PersistenceUnitInfo [name: default]
2024-02-28T12:58:43.392+05:30  INFO 20308 --- [portpolioservice] [restartedMain] org.hibernate.Version                    : HHH000412: Hibernate ORM core version 6.4.1.Final
2024-02-28T12:58:43.417+05:30  INFO 20308 --- [portpolioservice] [restartedMain] o.h.c.internal.RegionFactoryInitiator    : HHH000026: Second-level cache disabled
2024-02-28T12:58:43.580+05:30  INFO 20308 --- [portpolioservice] [restartedMain] o.s.o.j.p.SpringPersistenceUnitInfo      : No LoadTimeWeaver setup: ignoring JPA class transformer
2024-02-28T12:58:43.602+05:30  INFO 20308 --- [portpolioservice] [restartedMain] com.zaxxer.hikari.HikariDataSource       : HikariPool-1 - Starting...
2024-02-28T12:58:43.823+05:30  INFO 20308 --- [portpolioservice] [restartedMain] com.zaxxer.hikari.pool.HikariPool        : HikariPool-1 - Added connection com.mysql.cj.jdbc.ConnectionImpl@1f984d58
2024-02-28T12:58:43.825+05:30  INFO 20308 --- [portpolioservice] [restartedMain] com.zaxxer.hikari.HikariDataSource       : HikariPool-1 - Start completed.
2024-02-28T12:58:43.861+05:30  WARN 20308 --- [portpolioservice] [restartedMain] org.hibernate.orm.deprecation            : HHH90000025: MySQL8Dialect does not need to be specified explicitly using 'hibernate.dialect' (remove the property setting and it will be selected by default)
2024-02-28T12:58:43.862+05:30  WARN 20308 --- [portpolioservice] [restartedMain] org.hibernate.orm.deprecation            : HHH90000026: MySQL8Dialect has been deprecated; use org.hibernate.dialect.MySQLDialect instead
2024-02-28T12:58:44.510+05:30  INFO 20308 --- [portpolioservice] [restartedMain] o.h.e.t.j.p.i.JtaPlatformInitiator       : HHH000489: No JTA platform available (set 'hibernate.transaction.jta.platform' to enable JTA platform integration)
2024-02-28T12:58:44.554+05:30  INFO 20308 --- [portpolioservice] [restartedMain] j.LocalContainerEntityManagerFactoryBean : Initialized JPA EntityManagerFactory for persistence unit 'default'
2024-02-28T12:58:44.998+05:30  WARN 20308 --- [portpolioservice] [restartedMain] JpaBaseConfiguration$JpaWebConfiguration : spring.jpa.open-in-view is enabled by default. Therefore, database queries may be performed during view rendering. Explicitly configure spring.jpa.open-in-view to disable this warning
2024-02-28T12:58:45.062+05:30  WARN 20308 --- [portpolioservice] [restartedMain] o.s.b.d.a.OptionalLiveReloadServer       : Unable to start LiveReload server
2024-02-28T12:58:45.085+05:30  INFO 20308 --- [portpolioservice] [restartedMain] o.s.c.openfeign.FeignClientFactoryBean   : For 'stocktradeservice' URL not provided. Will try picking an instance via load-balancing.
2024-02-28T12:58:45.137+05:30  INFO 20308 --- [portpolioservice] [restartedMain] o.s.c.openfeign.FeignClientFactoryBean   : For 'authserver' URL not provided. Will try picking an instance via load-balancing.
2024-02-28T12:58:46.391+05:30  INFO 20308 --- [portpolioservice] [restartedMain] DiscoveryClientOptionalArgsConfiguration : Eureka HTTP Client uses RestTemplate.
2024-02-28T12:58:46.416+05:30  WARN 20308 --- [portpolioservice] [restartedMain] iguration$LoadBalancerCaffeineWarnLogger : Spring Cloud LoadBalancer is currently working with the default cache. While this cache implementation is useful for development and tests, it's recommended to use Caffeine cache in production.You can switch to using Caffeine cache, by adding it and org.springframework.cache.caffeine.CaffeineCacheManager to the classpath.
2024-02-28T12:58:46.431+05:30  INFO 20308 --- [portpolioservice] [restartedMain] o.s.b.a.e.web.EndpointLinksResolver      : Exposing 1 endpoint(s) beneath base path '/actuator'
2024-02-28T12:58:46.536+05:30  INFO 20308 --- [portpolioservice] [restartedMain] o.s.c.n.eureka.InstanceInfoFactory       : Setting initial instance status as: STARTING
2024-02-28T12:58:46.568+05:30  INFO 20308 --- [portpolioservice] [restartedMain] com.netflix.discovery.DiscoveryClient    : Initializing Eureka in region us-east-1
2024-02-28T12:58:46.573+05:30  INFO 20308 --- [portpolioservice] [restartedMain] c.n.d.s.r.aws.ConfigClusterResolver      : Resolving eureka endpoints via configuration
2024-02-28T12:58:46.589+05:30  INFO 20308 --- [portpolioservice] [restartedMain] com.netflix.discovery.DiscoveryClient    : Disable delta property : false
2024-02-28T12:58:46.589+05:30  INFO 20308 --- [portpolioservice] [restartedMain] com.netflix.discovery.DiscoveryClient    : Single vip registry refresh property : null
2024-02-28T12:58:46.589+05:30  INFO 20308 --- [portpolioservice] [restartedMain] com.netflix.discovery.DiscoveryClient    : Force full registry fetch : false
2024-02-28T12:58:46.589+05:30  INFO 20308 --- [portpolioservice] [restartedMain] com.netflix.discovery.DiscoveryClient    : Application is null : false
2024-02-28T12:58:46.589+05:30  INFO 20308 --- [portpolioservice] [restartedMain] com.netflix.discovery.DiscoveryClient    : Registered Applications size is zero : true
2024-02-28T12:58:46.589+05:30  INFO 20308 --- [portpolioservice] [restartedMain] com.netflix.discovery.DiscoveryClient    : Application version is -1: true
2024-02-28T12:58:46.589+05:30  INFO 20308 --- [portpolioservice] [restartedMain] com.netflix.discovery.DiscoveryClient    : Getting all instance registry info from the eureka server
2024-02-28T12:58:46.745+05:30  INFO 20308 --- [portpolioservice] [restartedMain] com.netflix.discovery.DiscoveryClient    : The response status is 200
2024-02-28T12:58:46.746+05:30  INFO 20308 --- [portpolioservice] [restartedMain] com.netflix.discovery.DiscoveryClient    : Starting heartbeat executor: renew interval is: 30
2024-02-28T12:58:46.749+05:30  INFO 20308 --- [portpolioservice] [restartedMain] c.n.discovery.InstanceInfoReplicator     : InstanceInfoReplicator onDemand update allowed rate per min is 4
2024-02-28T12:58:46.752+05:30  INFO 20308 --- [portpolioservice] [restartedMain] com.netflix.discovery.DiscoveryClient    : Discovery Client initialized at timestamp 1709105326752 with initial instances count: 4
2024-02-28T12:58:46.757+05:30  INFO 20308 --- [portpolioservice] [restartedMain] o.s.c.n.e.s.EurekaServiceRegistry        : Registering application PORTPOLIOSERVICE with eureka with status UP
2024-02-28T12:58:46.758+05:30  INFO 20308 --- [portpolioservice] [restartedMain] com.netflix.discovery.DiscoveryClient    : Saw local status change event StatusChangeEvent [timestamp=1709105326757, current=UP, previous=STARTING]
2024-02-28T12:58:46.759+05:30  INFO 20308 --- [portpolioservice] [DiscoveryClient-InstanceInfoReplicator-0] com.netflix.discovery.DiscoveryClient    : DiscoveryClient_PORTPOLIOSERVICE/DESKTOP-NM638L9:portpolioservice:8082: registering service...
2024-02-28T12:58:46.785+05:30  INFO 20308 --- [portpolioservice] [restartedMain] o.s.b.w.embedded.tomcat.TomcatWebServer  : Tomcat started on port 8082 (http) with context path '/portpolioservice'
2024-02-28T12:58:46.786+05:30  INFO 20308 --- [portpolioservice] [restartedMain] .s.c.n.e.s.EurekaAutoServiceRegistration : Updating port to 8082
2024-02-28T12:58:46.801+05:30  INFO 20308 --- [portpolioservice] [DiscoveryClient-InstanceInfoReplicator-0] com.netflix.discovery.DiscoveryClient    : DiscoveryClient_PORTPOLIOSERVICE/DESKTOP-NM638L9:portpolioservice:8082 - registration status: 204
2024-02-28T12:58:46.862+05:30  INFO 20308 --- [portpolioservice] [restartedMain] c.h.j.p.PortpolioserviceApplication      : Started PortpolioserviceApplication in 8.475 seconds (process running for 9.07)
2024-02-28T12:58:47.171+05:30  INFO 20308 --- [portpolioservice] [RMI TCP Connection(3)-127.0.0.1] o.a.c.c.C.[.[.[/portpolioservice]        : Initializing Spring DispatcherServlet 'dispatcherServlet'
2024-02-28T12:58:47.171+05:30  INFO 20308 --- [portpolioservice] [RMI TCP Connection(3)-127.0.0.1] o.s.web.servlet.DispatcherServlet        : Initializing Servlet 'dispatcherServlet'
2024-02-28T12:58:47.173+05:30  INFO 20308 --- [portpolioservice] [RMI TCP Connection(3)-127.0.0.1] o.s.web.servlet.DispatcherServlet        : Completed initialization in 2 ms
2024-02-28T13:03:46.593+05:30  INFO 20308 --- [portpolioservice] [AsyncResolver-bootstrap-executor-0] c.n.d.s.r.aws.ConfigClusterResolver      : Resolving eureka endpoints via configuration
2024-02-28T13:08:46.594+05:30  INFO 20308 --- [portpolioservice] [AsyncResolver-bootstrap-executor-0] c.n.d.s.r.aws.ConfigClusterResolver      : Resolving eureka endpoints via configuration
2024-02-28T13:13:46.604+05:30  INFO 20308 --- [portpolioservice] [AsyncResolver-bootstrap-executor-0] c.n.d.s.r.aws.ConfigClusterResolver      : Resolving eureka endpoints via configuration
2024-02-28T13:18:46.608+05:30  INFO 20308 --- [portpolioservice] [AsyncResolver-bootstrap-executor-0] c.n.d.s.r.aws.ConfigClusterResolver      : Resolving eureka endpoints via configuration
2024-02-28T13:23:46.614+05:30  INFO 20308 --- [portpolioservice] [AsyncResolver-bootstrap-executor-0] c.n.d.s.r.aws.ConfigClusterResolver      : Resolving eureka endpoints via configuration
2024-02-28T13:28:46.630+05:30  INFO 20308 --- [portpolioservice] [AsyncResolver-bootstrap-executor-0] c.n.d.s.r.aws.ConfigClusterResolver      : Resolving eureka endpoints via configuration
2024-02-28T13:33:46.635+05:30  INFO 20308 --- [portpolioservice] [AsyncResolver-bootstrap-executor-0] c.n.d.s.r.aws.ConfigClusterResolver      : Resolving eureka endpoints via configuration
2024-02-28T13:38:46.636+05:30  INFO 20308 --- [portpolioservice] [AsyncResolver-bootstrap-executor-0] c.n.d.s.r.aws.ConfigClusterResolver      : Resolving eureka endpoints via configuration
2024-02-28T13:43:46.658+05:30  INFO 20308 --- [portpolioservice] [AsyncResolver-bootstrap-executor-0] c.n.d.s.r.aws.ConfigClusterResolver      : Resolving eureka endpoints via configuration
2024-02-28T13:48:46.693+05:30  INFO 20308 --- [portpolioservice] [AsyncResolver-bootstrap-executor-0] c.n.d.s.r.aws.ConfigClusterResolver      : Resolving eureka endpoints via configuration
2024-02-28T13:53:46.711+05:30  INFO 20308 --- [portpolioservice] [AsyncResolver-bootstrap-executor-0] c.n.d.s.r.aws.ConfigClusterResolver      : Resolving eureka endpoints via configuration
2024-02-28T13:58:46.724+05:30  INFO 20308 --- [portpolioservice] [AsyncResolver-bootstrap-executor-0] c.n.d.s.r.aws.ConfigClusterResolver      : Resolving eureka endpoints via configuration
2024-02-28T14:03:46.735+05:30  INFO 20308 --- [portpolioservice] [AsyncResolver-bootstrap-executor-0] c.n.d.s.r.aws.ConfigClusterResolver      : Resolving eureka endpoints via configuration
2024-02-28T14:08:46.740+05:30  INFO 20308 --- [portpolioservice] [AsyncResolver-bootstrap-executor-0] c.n.d.s.r.aws.ConfigClusterResolver      : Resolving eureka endpoints via configuration
2024-02-28T14:13:46.744+05:30  INFO 20308 --- [portpolioservice] [AsyncResolver-bootstrap-executor-0] c.n.d.s.r.aws.ConfigClusterResolver      : Resolving eureka endpoints via configuration
2024-02-28T14:18:46.751+05:30  INFO 20308 --- [portpolioservice] [AsyncResolver-bootstrap-executor-0] c.n.d.s.r.aws.ConfigClusterResolver      : Resolving eureka endpoints via configuration
2024-02-28T14:23:46.760+05:30  INFO 20308 --- [portpolioservice] [AsyncResolver-bootstrap-executor-0] c.n.d.s.r.aws.ConfigClusterResolver      : Resolving eureka endpoints via configuration
2024-02-28T14:28:46.768+05:30  INFO 20308 --- [portpolioservice] [AsyncResolver-bootstrap-executor-0] c.n.d.s.r.aws.ConfigClusterResolver      : Resolving eureka endpoints via configuration
2024-02-28T14:33:46.783+05:30  INFO 20308 --- [portpolioservice] [AsyncResolver-bootstrap-executor-0] c.n.d.s.r.aws.ConfigClusterResolver      : Resolving eureka endpoints via configuration
2024-02-28T14:38:46.795+05:30  INFO 20308 --- [portpolioservice] [AsyncResolver-bootstrap-executor-0] c.n.d.s.r.aws.ConfigClusterResolver      : Resolving eureka endpoints via configuration
2024-02-28T14:43:46.812+05:30  INFO 20308 --- [portpolioservice] [AsyncResolver-bootstrap-executor-0] c.n.d.s.r.aws.ConfigClusterResolver      : Resolving eureka endpoints via configuration
2024-02-28T14:48:46.818+05:30  INFO 20308 --- [portpolioservice] [AsyncResolver-bootstrap-executor-0] c.n.d.s.r.aws.ConfigClusterResolver      : Resolving eureka endpoints via configuration
2024-02-28T14:53:46.826+05:30  INFO 20308 --- [portpolioservice] [AsyncResolver-bootstrap-executor-0] c.n.d.s.r.aws.ConfigClusterResolver      : Resolving eureka endpoints via configuration
2024-02-28T14:58:46.868+05:30  INFO 20308 --- [portpolioservice] [AsyncResolver-bootstrap-executor-0] c.n.d.s.r.aws.ConfigClusterResolver      : Resolving eureka endpoints via configuration
2024-02-28T15:03:46.875+05:30  INFO 20308 --- [portpolioservice] [AsyncResolver-bootstrap-executor-0] c.n.d.s.r.aws.ConfigClusterResolver      : Resolving eureka endpoints via configuration
2024-02-28T15:47:54.336+05:30  WARN 20308 --- [portpolioservice] [HikariPool-1 housekeeper] com.zaxxer.hikari.pool.HikariPool        : HikariPool-1 - Thread starvation or clock leap detected (housekeeper delta=44m8s608ms841µs500ns).
2024-02-28T15:52:25.482+05:30  INFO 20308 --- [portpolioservice] [AsyncResolver-bootstrap-executor-0] c.n.d.s.r.aws.ConfigClusterResolver      : Resolving eureka endpoints via configuration
2024-02-28T15:53:49.664+05:30  WARN 20308 --- [portpolioservice] [HikariPool-1 housekeeper] com.zaxxer.hikari.pool.HikariPool        : HikariPool-1 - Thread starvation or clock leap detected (housekeeper delta=55s252ms210µs300ns).
2024-02-28T15:57:50.757+05:30  INFO 20308 --- [portpolioservice] [AsyncResolver-bootstrap-executor-0] c.n.d.s.r.aws.ConfigClusterResolver      : Resolving eureka endpoints via configuration
2024-02-28T16:02:50.760+05:30  INFO 20308 --- [portpolioservice] [AsyncResolver-bootstrap-executor-0] c.n.d.s.r.aws.ConfigClusterResolver      : Resolving eureka endpoints via configuration
2024-02-28T16:07:50.774+05:30  INFO 20308 --- [portpolioservice] [AsyncResolver-bootstrap-executor-0] c.n.d.s.r.aws.ConfigClusterResolver      : Resolving eureka endpoints via configuration
2024-02-28T16:12:50.788+05:30  INFO 20308 --- [portpolioservice] [AsyncResolver-bootstrap-executor-0] c.n.d.s.r.aws.ConfigClusterResolver      : Resolving eureka endpoints via configuration
2024-02-28T16:49:35.105+05:30  WARN 20308 --- [portpolioservice] [HikariPool-1 housekeeper] com.zaxxer.hikari.pool.HikariPool        : HikariPool-1 - Thread starvation or clock leap detected (housekeeper delta=35m15s122ms502µs600ns).
2024-02-28T16:52:35.906+05:30  INFO 20308 --- [portpolioservice] [AsyncResolver-bootstrap-executor-0] c.n.d.s.r.aws.ConfigClusterResolver      : Resolving eureka endpoints via configuration
2024-02-28T16:57:35.915+05:30  INFO 20308 --- [portpolioservice] [AsyncResolver-bootstrap-executor-0] c.n.d.s.r.aws.ConfigClusterResolver      : Resolving eureka endpoints via configuration
2024-02-28T17:02:35.925+05:30  INFO 20308 --- [portpolioservice] [AsyncResolver-bootstrap-executor-0] c.n.d.s.r.aws.ConfigClusterResolver      : Resolving eureka endpoints via configuration
2024-02-28T17:21:16.133+05:30  INFO 17760 --- [portpolioservice] [restartedMain] c.h.j.p.PortpolioserviceApplication      : No active profile set, falling back to 1 default profile: "default"
2024-02-28T17:21:16.145+05:30  WARN 17760 --- [portpolioservice] [restartedMain] o.s.c.a.AnnotationBeanNameGenerator      : Support for convention-based stereotype names is deprecated and will be removed in a future version of the framework. Please annotate the 'value' attribute in @org.springframework.cloud.loadbalancer.annotation.LoadBalancerClient with @AliasFor(annotation=Component.class) to declare an explicit alias for @Component's 'value' attribute.
2024-02-28T17:21:16.777+05:30  INFO 17760 --- [portpolioservice] [restartedMain] .s.d.r.c.RepositoryConfigurationDelegate : Bootstrapping Spring Data JPA repositories in DEFAULT mode.
2024-02-28T17:21:16.856+05:30  INFO 17760 --- [portpolioservice] [restartedMain] .s.d.r.c.RepositoryConfigurationDelegate : Finished Spring Data repository scanning in 74 ms. Found 1 JPA repository interface.
2024-02-28T17:21:17.010+05:30  INFO 17760 --- [portpolioservice] [restartedMain] o.s.cloud.context.scope.GenericScope     : BeanFactory id=41e9781e-5285-36ae-ac41-4c1ccb8a0e8f
2024-02-28T17:21:17.164+05:30  WARN 17760 --- [portpolioservice] [restartedMain] trationDelegate$BeanPostProcessorChecker : Bean 'org.springframework.cloud.client.loadbalancer.LoadBalancerAutoConfiguration$LoadBalancerInterceptorConfig' of type [org.springframework.cloud.client.loadbalancer.LoadBalancerAutoConfiguration$LoadBalancerInterceptorConfig] is not eligible for getting processed by all BeanPostProcessors (for example: not eligible for auto-proxying). The currently created BeanPostProcessor [lbRestClientPostProcessor] is declared through a non-static factory method on that class; consider declaring it as static instead.
2024-02-28T17:21:17.166+05:30  WARN 17760 --- [portpolioservice] [restartedMain] trationDelegate$BeanPostProcessorChecker : Bean 'org.springframework.cloud.loadbalancer.config.BlockingLoadBalancerClientAutoConfiguration' of type [org.springframework.cloud.loadbalancer.config.BlockingLoadBalancerClientAutoConfiguration] is not eligible for getting processed by all BeanPostProcessors (for example: not eligible for auto-proxying). Is this bean getting eagerly injected into a currently created BeanPostProcessor [lbRestClientPostProcessor]? Check the corresponding BeanPostProcessor declaration and its dependencies.
2024-02-28T17:21:17.168+05:30  WARN 17760 --- [portpolioservice] [restartedMain] trationDelegate$BeanPostProcessorChecker : Bean 'org.springframework.cloud.loadbalancer.config.LoadBalancerAutoConfiguration' of type [org.springframework.cloud.loadbalancer.config.LoadBalancerAutoConfiguration] is not eligible for getting processed by all BeanPostProcessors (for example: not eligible for auto-proxying). Is this bean getting eagerly injected into a currently created BeanPostProcessor [lbRestClientPostProcessor]? Check the corresponding BeanPostProcessor declaration and its dependencies.
2024-02-28T17:21:17.173+05:30  WARN 17760 --- [portpolioservice] [restartedMain] trationDelegate$BeanPostProcessorChecker : Bean 'org.springframework.cloud.commons.config.CommonsConfigAutoConfiguration' of type [org.springframework.cloud.commons.config.CommonsConfigAutoConfiguration] is not eligible for getting processed by all BeanPostProcessors (for example: not eligible for auto-proxying). Is this bean getting eagerly injected into a currently created BeanPostProcessor [lbRestClientPostProcessor]? Check the corresponding BeanPostProcessor declaration and its dependencies.
2024-02-28T17:21:17.174+05:30  WARN 17760 --- [portpolioservice] [restartedMain] trationDelegate$BeanPostProcessorChecker : Bean 'org.springframework.cloud.client.loadbalancer.LoadBalancerDefaultMappingsProviderAutoConfiguration' of type [org.springframework.cloud.client.loadbalancer.LoadBalancerDefaultMappingsProviderAutoConfiguration] is not eligible for getting processed by all BeanPostProcessors (for example: not eligible for auto-proxying). Is this bean getting eagerly injected into a currently created BeanPostProcessor [lbRestClientPostProcessor]? Check the corresponding BeanPostProcessor declaration and its dependencies.
2024-02-28T17:21:17.175+05:30  WARN 17760 --- [portpolioservice] [restartedMain] trationDelegate$BeanPostProcessorChecker : Bean 'loadBalancerClientsDefaultsMappingsProvider' of type [org.springframework.cloud.client.loadbalancer.LoadBalancerDefaultMappingsProviderAutoConfiguration$$Lambda$779/0x000000080117ae18] is not eligible for getting processed by all BeanPostProcessors (for example: not eligible for auto-proxying). Is this bean getting eagerly injected into a currently created BeanPostProcessor [lbRestClientPostProcessor]? Check the corresponding BeanPostProcessor declaration and its dependencies.
2024-02-28T17:21:17.176+05:30  WARN 17760 --- [portpolioservice] [restartedMain] trationDelegate$BeanPostProcessorChecker : Bean 'defaultsBindHandlerAdvisor' of type [org.springframework.cloud.commons.config.DefaultsBindHandlerAdvisor] is not eligible for getting processed by all BeanPostProcessors (for example: not eligible for auto-proxying). Is this bean getting eagerly injected into a currently created BeanPostProcessor [lbRestClientPostProcessor]? Check the corresponding BeanPostProcessor declaration and its dependencies.
2024-02-28T17:21:17.179+05:30  WARN 17760 --- [portpolioservice] [restartedMain] trationDelegate$BeanPostProcessorChecker : Bean 'spring.cloud.loadbalancer-org.springframework.cloud.client.loadbalancer.LoadBalancerClientsProperties' of type [org.springframework.cloud.client.loadbalancer.LoadBalancerClientsProperties] is not eligible for getting processed by all BeanPostProcessors (for example: not eligible for auto-proxying). Is this bean getting eagerly injected into a currently created BeanPostProcessor [lbRestClientPostProcessor]? Check the corresponding BeanPostProcessor declaration and its dependencies.
2024-02-28T17:21:17.183+05:30  WARN 17760 --- [portpolioservice] [restartedMain] trationDelegate$BeanPostProcessorChecker : Bean 'stocktradeservice.LoadBalancerClientSpecification' of type [org.springframework.cloud.loadbalancer.annotation.LoadBalancerClientSpecification] is not eligible for getting processed by all BeanPostProcessors (for example: not eligible for auto-proxying). Is this bean getting eagerly injected into a currently created BeanPostProcessor [lbRestClientPostProcessor]? Check the corresponding BeanPostProcessor declaration and its dependencies.
2024-02-28T17:21:17.185+05:30  WARN 17760 --- [portpolioservice] [restartedMain] trationDelegate$BeanPostProcessorChecker : Bean 'default.org.springframework.cloud.loadbalancer.config.LoadBalancerAutoConfiguration.LoadBalancerClientSpecification' of type [org.springframework.cloud.loadbalancer.annotation.LoadBalancerClientSpecification] is not eligible for getting processed by all BeanPostProcessors (for example: not eligible for auto-proxying). Is this bean getting eagerly injected into a currently created BeanPostProcessor [lbRestClientPostProcessor]? Check the corresponding BeanPostProcessor declaration and its dependencies.
2024-02-28T17:21:17.186+05:30  WARN 17760 --- [portpolioservice] [restartedMain] trationDelegate$BeanPostProcessorChecker : Bean 'default.org.springframework.cloud.loadbalancer.config.BlockingLoadBalancerClientAutoConfiguration.LoadBalancerClientSpecification' of type [org.springframework.cloud.loadbalancer.annotation.LoadBalancerClientSpecification] is not eligible for getting processed by all BeanPostProcessors (for example: not eligible for auto-proxying). Is this bean getting eagerly injected into a currently created BeanPostProcessor [lbRestClientPostProcessor]? Check the corresponding BeanPostProcessor declaration and its dependencies.
2024-02-28T17:21:17.186+05:30  WARN 17760 --- [portpolioservice] [restartedMain] trationDelegate$BeanPostProcessorChecker : Bean 'default.org.springframework.cloud.netflix.eureka.loadbalancer.LoadBalancerEurekaAutoConfiguration.LoadBalancerClientSpecification' of type [org.springframework.cloud.loadbalancer.annotation.LoadBalancerClientSpecification] is not eligible for getting processed by all BeanPostProcessors (for example: not eligible for auto-proxying). Is this bean getting eagerly injected into a currently created BeanPostProcessor [lbRestClientPostProcessor]? Check the corresponding BeanPostProcessor declaration and its dependencies.
2024-02-28T17:21:17.187+05:30  WARN 17760 --- [portpolioservice] [restartedMain] trationDelegate$BeanPostProcessorChecker : Bean 'loadBalancerClientFactory' of type [org.springframework.cloud.loadbalancer.support.LoadBalancerClientFactory] is not eligible for getting processed by all BeanPostProcessors (for example: not eligible for auto-proxying). Is this bean getting eagerly injected into a currently created BeanPostProcessor [lbRestClientPostProcessor]? Check the corresponding BeanPostProcessor declaration and its dependencies.
2024-02-28T17:21:17.192+05:30  WARN 17760 --- [portpolioservice] [restartedMain] trationDelegate$BeanPostProcessorChecker : Bean 'blockingLoadBalancerClient' of type [org.springframework.cloud.loadbalancer.blocking.client.BlockingLoadBalancerClient] is not eligible for getting processed by all BeanPostProcessors (for example: not eligible for auto-proxying). Is this bean getting eagerly injected into a currently created BeanPostProcessor [lbRestClientPostProcessor]? Check the corresponding BeanPostProcessor declaration and its dependencies.
2024-02-28T17:21:17.196+05:30  WARN 17760 --- [portpolioservice] [restartedMain] trationDelegate$BeanPostProcessorChecker : Bean 'ribbonConfiguration' of type [com.hcl.jtl.portpolioservice.config.RibbonConfiguration$$SpringCGLIB$$0] is not eligible for getting processed by all BeanPostProcessors (for example: not eligible for auto-proxying). Is this bean getting eagerly injected into a currently created BeanPostProcessor [lbRestClientPostProcessor]? Check the corresponding BeanPostProcessor declaration and its dependencies.
2024-02-28T17:21:17.200+05:30  WARN 17760 --- [portpolioservice] [restartedMain] trationDelegate$BeanPostProcessorChecker : Bean 'restTemplate' of type [org.springframework.web.client.RestTemplate] is not eligible for getting processed by all BeanPostProcessors (for example: not eligible for auto-proxying). Is this bean getting eagerly injected into a currently created BeanPostProcessor [lbRestClientPostProcessor]? Check the corresponding BeanPostProcessor declaration and its dependencies.
2024-02-28T17:21:17.209+05:30  WARN 17760 --- [portpolioservice] [restartedMain] trationDelegate$BeanPostProcessorChecker : Bean 'loadBalancerServiceInstanceCookieTransformer' of type [org.springframework.cloud.loadbalancer.core.LoadBalancerServiceInstanceCookieTransformer] is not eligible for getting processed by all BeanPostProcessors (for example: not eligible for auto-proxying). Is this bean getting eagerly injected into a currently created BeanPostProcessor [lbRestClientPostProcessor]? Check the corresponding BeanPostProcessor declaration and its dependencies.
2024-02-28T17:21:17.210+05:30  WARN 17760 --- [portpolioservice] [restartedMain] trationDelegate$BeanPostProcessorChecker : Bean 'xForwarderHeadersTransformer' of type [org.springframework.cloud.loadbalancer.blocking.XForwardedHeadersTransformer] is not eligible for getting processed by all BeanPostProcessors (for example: not eligible for auto-proxying). Is this bean getting eagerly injected into a currently created BeanPostProcessor [lbRestClientPostProcessor]? Check the corresponding BeanPostProcessor declaration and its dependencies.
2024-02-28T17:21:17.211+05:30  WARN 17760 --- [portpolioservice] [restartedMain] trationDelegate$BeanPostProcessorChecker : Bean 'org.springframework.cloud.client.loadbalancer.LoadBalancerAutoConfiguration' of type [org.springframework.cloud.client.loadbalancer.LoadBalancerAutoConfiguration] is not eligible for getting processed by all BeanPostProcessors (for example: not eligible for auto-proxying). Is this bean getting eagerly injected into a currently created BeanPostProcessor [lbRestClientPostProcessor]? Check the corresponding BeanPostProcessor declaration and its dependencies.
2024-02-28T17:21:17.212+05:30  WARN 17760 --- [portpolioservice] [restartedMain] trationDelegate$BeanPostProcessorChecker : Bean 'loadBalancerRequestFactory' of type [org.springframework.cloud.client.loadbalancer.LoadBalancerRequestFactory] is not eligible for getting processed by all BeanPostProcessors (for example: not eligible for auto-proxying). Is this bean getting eagerly injected into a currently created BeanPostProcessor [lbRestClientPostProcessor]? Check the corresponding BeanPostProcessor declaration and its dependencies.
2024-02-28T17:21:17.213+05:30  WARN 17760 --- [portpolioservice] [restartedMain] trationDelegate$BeanPostProcessorChecker : Bean 'loadBalancerInterceptor' of type [org.springframework.cloud.client.loadbalancer.LoadBalancerInterceptor] is not eligible for getting processed by all BeanPostProcessors (for example: not eligible for auto-proxying). Is this bean getting eagerly injected into a currently created BeanPostProcessor [lbRestClientPostProcessor]? Check the corresponding BeanPostProcessor declaration and its dependencies.
2024-02-28T17:21:17.437+05:30  INFO 17760 --- [portpolioservice] [restartedMain] o.s.b.w.embedded.tomcat.TomcatWebServer  : Tomcat initialized with port 8082 (http)
2024-02-28T17:21:17.444+05:30  INFO 17760 --- [portpolioservice] [restartedMain] o.apache.catalina.core.StandardService   : Starting service [Tomcat]
2024-02-28T17:21:17.445+05:30  INFO 17760 --- [portpolioservice] [restartedMain] o.apache.catalina.core.StandardEngine    : Starting Servlet engine: [Apache Tomcat/10.1.18]
2024-02-28T17:21:17.483+05:30  INFO 17760 --- [portpolioservice] [restartedMain] o.a.c.c.C.[.[.[/portpolioservice]        : Initializing Spring embedded WebApplicationContext
2024-02-28T17:21:17.484+05:30  INFO 17760 --- [portpolioservice] [restartedMain] w.s.c.ServletWebServerApplicationContext : Root WebApplicationContext: initialization completed in 1338 ms
2024-02-28T17:21:17.689+05:30  INFO 17760 --- [portpolioservice] [restartedMain] o.hibernate.jpa.internal.util.LogHelper  : HHH000204: Processing PersistenceUnitInfo [name: default]
2024-02-28T17:21:17.717+05:30  INFO 17760 --- [portpolioservice] [restartedMain] org.hibernate.Version                    : HHH000412: Hibernate ORM core version 6.4.1.Final
2024-02-28T17:21:17.737+05:30  INFO 17760 --- [portpolioservice] [restartedMain] o.h.c.internal.RegionFactoryInitiator    : HHH000026: Second-level cache disabled
2024-02-28T17:21:17.855+05:30  INFO 17760 --- [portpolioservice] [restartedMain] o.s.o.j.p.SpringPersistenceUnitInfo      : No LoadTimeWeaver setup: ignoring JPA class transformer
2024-02-28T17:21:17.869+05:30  INFO 17760 --- [portpolioservice] [restartedMain] com.zaxxer.hikari.HikariDataSource       : HikariPool-1 - Starting...
2024-02-28T17:21:18.026+05:30  INFO 17760 --- [portpolioservice] [restartedMain] com.zaxxer.hikari.pool.HikariPool        : HikariPool-1 - Added connection com.mysql.cj.jdbc.ConnectionImpl@5f93e09c
2024-02-28T17:21:18.031+05:30  INFO 17760 --- [portpolioservice] [restartedMain] com.zaxxer.hikari.HikariDataSource       : HikariPool-1 - Start completed.
2024-02-28T17:21:18.058+05:30  WARN 17760 --- [portpolioservice] [restartedMain] org.hibernate.orm.deprecation            : HHH90000025: MySQL8Dialect does not need to be specified explicitly using 'hibernate.dialect' (remove the property setting and it will be selected by default)
2024-02-28T17:21:18.058+05:30  WARN 17760 --- [portpolioservice] [restartedMain] org.hibernate.orm.deprecation            : HHH90000026: MySQL8Dialect has been deprecated; use org.hibernate.dialect.MySQLDialect instead
2024-02-28T17:21:18.502+05:30  INFO 17760 --- [portpolioservice] [restartedMain] o.h.e.t.j.p.i.JtaPlatformInitiator       : HHH000489: No JTA platform available (set 'hibernate.transaction.jta.platform' to enable JTA platform integration)
2024-02-28T17:21:18.532+05:30  INFO 17760 --- [portpolioservice] [restartedMain] j.LocalContainerEntityManagerFactoryBean : Initialized JPA EntityManagerFactory for persistence unit 'default'
2024-02-28T17:21:18.844+05:30  WARN 17760 --- [portpolioservice] [restartedMain] JpaBaseConfiguration$JpaWebConfiguration : spring.jpa.open-in-view is enabled by default. Therefore, database queries may be performed during view rendering. Explicitly configure spring.jpa.open-in-view to disable this warning
2024-02-28T17:21:18.889+05:30  WARN 17760 --- [portpolioservice] [restartedMain] o.s.b.d.a.OptionalLiveReloadServer       : Unable to start LiveReload server
2024-02-28T17:21:18.905+05:30  INFO 17760 --- [portpolioservice] [restartedMain] o.s.c.openfeign.FeignClientFactoryBean   : For 'stocktradeservice' URL not provided. Will try picking an instance via load-balancing.
2024-02-28T17:21:18.934+05:30  INFO 17760 --- [portpolioservice] [restartedMain] o.s.c.openfeign.FeignClientFactoryBean   : For 'authserver' URL not provided. Will try picking an instance via load-balancing.
2024-02-28T17:21:19.860+05:30  INFO 17760 --- [portpolioservice] [restartedMain] DiscoveryClientOptionalArgsConfiguration : Eureka HTTP Client uses RestTemplate.
2024-02-28T17:21:19.878+05:30  WARN 17760 --- [portpolioservice] [restartedMain] iguration$LoadBalancerCaffeineWarnLogger : Spring Cloud LoadBalancer is currently working with the default cache. While this cache implementation is useful for development and tests, it's recommended to use Caffeine cache in production.You can switch to using Caffeine cache, by adding it and org.springframework.cache.caffeine.CaffeineCacheManager to the classpath.
2024-02-28T17:21:19.891+05:30  INFO 17760 --- [portpolioservice] [restartedMain] o.s.b.a.e.web.EndpointLinksResolver      : Exposing 1 endpoint(s) beneath base path '/actuator'
2024-02-28T17:21:19.949+05:30  INFO 17760 --- [portpolioservice] [restartedMain] o.s.c.n.eureka.InstanceInfoFactory       : Setting initial instance status as: STARTING
2024-02-28T17:21:19.970+05:30  INFO 17760 --- [portpolioservice] [restartedMain] com.netflix.discovery.DiscoveryClient    : Initializing Eureka in region us-east-1
2024-02-28T17:21:19.974+05:30  INFO 17760 --- [portpolioservice] [restartedMain] c.n.d.s.r.aws.ConfigClusterResolver      : Resolving eureka endpoints via configuration
2024-02-28T17:21:19.986+05:30  INFO 17760 --- [portpolioservice] [restartedMain] com.netflix.discovery.DiscoveryClient    : Disable delta property : false
2024-02-28T17:21:19.986+05:30  INFO 17760 --- [portpolioservice] [restartedMain] com.netflix.discovery.DiscoveryClient    : Single vip registry refresh property : null
2024-02-28T17:21:19.986+05:30  INFO 17760 --- [portpolioservice] [restartedMain] com.netflix.discovery.DiscoveryClient    : Force full registry fetch : false
2024-02-28T17:21:19.986+05:30  INFO 17760 --- [portpolioservice] [restartedMain] com.netflix.discovery.DiscoveryClient    : Application is null : false
2024-02-28T17:21:19.986+05:30  INFO 17760 --- [portpolioservice] [restartedMain] com.netflix.discovery.DiscoveryClient    : Registered Applications size is zero : true
2024-02-28T17:21:19.986+05:30  INFO 17760 --- [portpolioservice] [restartedMain] com.netflix.discovery.DiscoveryClient    : Application version is -1: true
2024-02-28T17:21:19.986+05:30  INFO 17760 --- [portpolioservice] [restartedMain] com.netflix.discovery.DiscoveryClient    : Getting all instance registry info from the eureka server
2024-02-28T17:21:20.108+05:30  INFO 17760 --- [portpolioservice] [restartedMain] com.netflix.discovery.DiscoveryClient    : The response status is 200
2024-02-28T17:21:20.110+05:30  INFO 17760 --- [portpolioservice] [restartedMain] com.netflix.discovery.DiscoveryClient    : Starting heartbeat executor: renew interval is: 30
2024-02-28T17:21:20.111+05:30  INFO 17760 --- [portpolioservice] [restartedMain] c.n.discovery.InstanceInfoReplicator     : InstanceInfoReplicator onDemand update allowed rate per min is 4
2024-02-28T17:21:20.115+05:30  INFO 17760 --- [portpolioservice] [restartedMain] com.netflix.discovery.DiscoveryClient    : Discovery Client initialized at timestamp 1709121080114 with initial instances count: 4
2024-02-28T17:21:20.118+05:30  INFO 17760 --- [portpolioservice] [restartedMain] o.s.c.n.e.s.EurekaServiceRegistry        : Registering application PORTPOLIOSERVICE with eureka with status UP
2024-02-28T17:21:20.119+05:30  INFO 17760 --- [portpolioservice] [restartedMain] com.netflix.discovery.DiscoveryClient    : Saw local status change event StatusChangeEvent [timestamp=1709121080119, current=UP, previous=STARTING]
2024-02-28T17:21:20.120+05:30  INFO 17760 --- [portpolioservice] [DiscoveryClient-InstanceInfoReplicator-0] com.netflix.discovery.DiscoveryClient    : DiscoveryClient_PORTPOLIOSERVICE/DESKTOP-NM638L9:portpolioservice:8082: registering service...
2024-02-28T17:21:20.135+05:30  INFO 17760 --- [portpolioservice] [restartedMain] o.s.b.w.embedded.tomcat.TomcatWebServer  : Tomcat started on port 8082 (http) with context path '/portpolioservice'
2024-02-28T17:21:20.136+05:30  INFO 17760 --- [portpolioservice] [restartedMain] .s.c.n.e.s.EurekaAutoServiceRegistration : Updating port to 8082
2024-02-28T17:21:20.148+05:30  INFO 17760 --- [portpolioservice] [DiscoveryClient-InstanceInfoReplicator-0] com.netflix.discovery.DiscoveryClient    : DiscoveryClient_PORTPOLIOSERVICE/DESKTOP-NM638L9:portpolioservice:8082 - registration status: 204
2024-02-28T17:21:20.229+05:30  INFO 17760 --- [portpolioservice] [restartedMain] c.h.j.p.PortpolioserviceApplication      : Started PortpolioserviceApplication in 6.066 seconds (process running for 6.546)
2024-02-28T17:21:20.455+05:30  INFO 17760 --- [portpolioservice] [RMI TCP Connection(3)-127.0.0.1] o.a.c.c.C.[.[.[/portpolioservice]        : Initializing Spring DispatcherServlet 'dispatcherServlet'
2024-02-28T17:21:20.455+05:30  INFO 17760 --- [portpolioservice] [RMI TCP Connection(3)-127.0.0.1] o.s.web.servlet.DispatcherServlet        : Initializing Servlet 'dispatcherServlet'
2024-02-28T17:21:20.456+05:30  INFO 17760 --- [portpolioservice] [RMI TCP Connection(3)-127.0.0.1] o.s.web.servlet.DispatcherServlet        : Completed initialization in 1 ms
